Start testing: Nov 24 23:49 CET
----------------------------------------------------------
1/2 Testing: Dvx3Basic.EncryptDecryptRoundtrip
1/2 Test: Dvx3Basic.EncryptDecryptRoundtrip
Command: "/home/dvx3/Scaricati/Dvx3-Backup-Manager/tests/build/test_simple" "--gtest_filter=Dvx3Basic.EncryptDecryptRoundtrip" "--gtest_also_run_disabled_tests"
Directory: /home/dvx3/Scaricati/Dvx3-Backup-Manager/tests/build
"Dvx3Basic.EncryptDecryptRoundtrip" start time: Nov 24 23:49 CET
Output:
----------------------------------------------------------
Running main() from /usr/src/debug/gtest/googletest-1.17.0/googletest/src/gtest_main.cc
Note: Google Test filter = Dvx3Basic.EncryptDecryptRoundtrip
[==========] Running 1 test from 1 test suite.
[----------] Global test environment set-up.
[----------] 1 test from Dvx3Basic
[ RUN      ] Dvx3Basic.EncryptDecryptRoundtrip
Warning : compression level higher than max, reduced to 19 
[       OK ] Dvx3Basic.EncryptDecryptRoundtrip (267 ms)
[----------] 1 test from Dvx3Basic (267 ms total)

[----------] Global test environment tear-down
[==========] 1 test from 1 test suite ran. (267 ms total)
[  PASSED  ] 1 test.
<end of output>
Test time =   0.27 sec
----------------------------------------------------------
Test Passed.
"Dvx3Basic.EncryptDecryptRoundtrip" end time: Nov 24 23:49 CET
"Dvx3Basic.EncryptDecryptRoundtrip" time elapsed: 00:00:00
----------------------------------------------------------

2/2 Testing: Dvx3Backup.ExcludeBackupDir
2/2 Test: Dvx3Backup.ExcludeBackupDir
Command: "/home/dvx3/Scaricati/Dvx3-Backup-Manager/tests/build/test_exclusion" "--gtest_filter=Dvx3Backup.ExcludeBackupDir" "--gtest_also_run_disabled_tests"
Directory: /home/dvx3/Scaricati/Dvx3-Backup-Manager/tests/build
"Dvx3Backup.ExcludeBackupDir" start time: Nov 24 23:49 CET
Output:
----------------------------------------------------------
Running main() from /usr/src/debug/gtest/googletest-1.17.0/googletest/src/gtest_main.cc
Note: Google Test filter = Dvx3Backup.ExcludeBackupDir
[==========] Running 1 test from 1 test suite.
[----------] Global test environment set-up.
[----------] 1 test from Dvx3Backup
[ RUN      ] Dvx3Backup.ExcludeBackupDir
Warning : compression level higher than max, reduced to 19 
[       OK ] Dvx3Backup.ExcludeBackupDir (142 ms)
[----------] 1 test from Dvx3Backup (142 ms total)

[----------] Global test environment tear-down
[==========] 1 test from 1 test suite ran. (142 ms total)
[  PASSED  ] 1 test.
<end of output>
Test time =   0.15 sec
----------------------------------------------------------
Test Passed.
"Dvx3Backup.ExcludeBackupDir" end time: Nov 24 23:49 CET
"Dvx3Backup.ExcludeBackupDir" time elapsed: 00:00:00
----------------------------------------------------------

End testing: Nov 24 23:49 CET
